<?xml version="1.0" encoding="UTF-8"?>
<!-- Generated by org.testng.reporters.JUnitReportReporter -->
<testsuite hostname="LAPTOP-FK7QL8FC" failures="0" tests="1" name="new_run.java_run" time="0.018" errors="0" timestamp="2023-08-22T07:54:36 IST" skipped="0">
  <testcase classname="new_run.java_run" name="run" time="0.018"/>
  <system-out/>
</testsuite> <!-- new_run.java_run -->
