<?xml version="1.0" encoding="UTF-8"?>
<!-- Generated by org.testng.reporters.JUnitReportReporter -->
<testsuite hostname="LAPTOP-FK7QL8FC" failures="0" tests="1" name="automation_practise.broken" time="21.844" errors="0" timestamp="2022-09-26T18:55:54 IST" skipped="0">
  <testcase classname="automation_practise.broken" name="broken" time="21.844"/>
  <system-out/>
</testsuite> <!-- automation_practise.broken -->
