<?xml version="1.0" encoding="UTF-8"?>
<!-- Generated by org.testng.reporters.JUnitReportReporter -->
<testsuite skipped="0" hostname="LAPTOP-FK7QL8FC" name="new_run.java_run" tests="1" failures="0" timestamp="2023-08-22T08:20:30 IST" time="0.007" errors="0">
  <testcase name="run" time="0.007" classname="new_run.java_run"/>
  <system-out/>
</testsuite> <!-- new_run.java_run -->
